{"D:\\Projects\\Tavisca\\TS-Jest-Prj\\src\\code\\JS-QAA1\\array-smallest-element-02.js": {"path":"D:\\Projects\\Tavisca\\TS-Jest-Prj\\src\\code\\JS-QAA1\\array-smallest-element-02.js","statementMap":{"0":{"start":{"line":15,"column":25},"end":{"line":15,"column":33}},"1":{"start":{"line":16,"column":4},"end":{"line":19,"column":5}},"2":{"start":{"line":16,"column":15},"end":{"line":16,"column":16}},"3":{"start":{"line":17,"column":19},"end":{"line":17,"column":27}},"4":{"start":{"line":18,"column":8},"end":{"line":18,"column":74}},"5":{"start":{"line":20,"column":4},"end":{"line":20,"column":26}},"6":{"start":{"line":23,"column":0},"end":{"line":23,"column":35}}},"fnMap":{"0":{"name":"getSmallestElement","decl":{"start":{"line":14,"column":9},"end":{"line":14,"column":27}},"loc":{"start":{"line":14,"column":35},"end":{"line":21,"column":1}},"line":14}},"branchMap":{"0":{"loc":{"start":{"line":18,"column":25},"end":{"line":18,"column":73}},"type":"cond-expr","locations":[{"start":{"line":18,"column":52},"end":{"line":18,"column":57}},{"start":{"line":18,"column":59},"end":{"line":18,"column":73}}],"line":18}},"s":{"0":5,"1":5,"2":5,"3":17,"4":17,"5":5,"6":1},"f":{"0":5},"b":{"0":[2,15]},"inputSourceMap":null,"_coverageSchema":"1a1c01bbd47fc00a2c39e90264f33305004495a9","hash":"f964b2e211be117d063994ed910128cbcd34aa24"}
,"D:\\Projects\\Tavisca\\TS-Jest-Prj\\src\\code\\JS-QAA1\\divisible-by-check-03.js": {"path":"D:\\Projects\\Tavisca\\TS-Jest-Prj\\src\\code\\JS-QAA1\\divisible-by-check-03.js","statementMap":{"0":{"start":{"line":7,"column":15},"end":{"line":7,"column":29}},"1":{"start":{"line":8,"column":0},"end":{"line":8,"column":40}},"2":{"start":{"line":12,"column":21},"end":{"line":12,"column":23}},"3":{"start":{"line":13,"column":4},"end":{"line":27,"column":5}},"4":{"start":{"line":13,"column":14},"end":{"line":13,"column":15}},"5":{"start":{"line":14,"column":7},"end":{"line":26,"column":9}},"6":{"start":{"line":15,"column":12},"end":{"line":15,"column":63}},"7":{"start":{"line":17,"column":15},"end":{"line":26,"column":9}},"8":{"start":{"line":18,"column":12},"end":{"line":18,"column":62}},"9":{"start":{"line":20,"column":14},"end":{"line":26,"column":9}},"10":{"start":{"line":21,"column":12},"end":{"line":21,"column":62}},"11":{"start":{"line":24,"column":12},"end":{"line":24,"column":79}},"12":{"start":{"line":28,"column":4},"end":{"line":28,"column":23}},"13":{"start":{"line":31,"column":0},"end":{"line":31,"column":33}}},"fnMap":{"0":{"name":"divisibleByCheck","decl":{"start":{"line":11,"column":9},"end":{"line":11,"column":25}},"loc":{"start":{"line":11,"column":36},"end":{"line":29,"column":1}},"line":11}},"branchMap":{"0":{"loc":{"start":{"line":14,"column":7},"end":{"line":26,"column":9}},"type":"if","locations":[{"start":{"line":14,"column":7},"end":{"line":26,"column":9}},{"start":{"line":14,"column":7},"end":{"line":26,"column":9}}],"line":14},"1":{"loc":{"start":{"line":14,"column":10},"end":{"line":14,"column":54}},"type":"binary-expr","locations":[{"start":{"line":14,"column":10},"end":{"line":14,"column":30}},{"start":{"line":14,"column":34},"end":{"line":14,"column":54}}],"line":14},"2":{"loc":{"start":{"line":17,"column":15},"end":{"line":26,"column":9}},"type":"if","locations":[{"start":{"line":17,"column":15},"end":{"line":26,"column":9}},{"start":{"line":17,"column":15},"end":{"line":26,"column":9}}],"line":17},"3":{"loc":{"start":{"line":20,"column":14},"end":{"line":26,"column":9}},"type":"if","locations":[{"start":{"line":20,"column":14},"end":{"line":26,"column":9}},{"start":{"line":20,"column":14},"end":{"line":26,"column":9}}],"line":20}},"s":{"0":1,"1":1,"2":3,"3":3,"4":3,"5":10,"6":2,"7":8,"8":3,"9":5,"10":4,"11":1,"12":3,"13":1},"f":{"0":3},"b":{"0":[2,8],"1":[10,6],"2":[3,5],"3":[4,1]},"inputSourceMap":null,"_coverageSchema":"1a1c01bbd47fc00a2c39e90264f33305004495a9","hash":"e23c21982dc4330d9ce446c81560df09edc1af56"}
,"D:\\Projects\\Tavisca\\TS-Jest-Prj\\src\\code\\JS-QAA1\\welcome-01.js": {"path":"D:\\Projects\\Tavisca\\TS-Jest-Prj\\src\\code\\JS-QAA1\\welcome-01.js","statementMap":{"0":{"start":{"line":6,"column":4},"end":{"line":6,"column":40}},"1":{"start":{"line":9,"column":12},"end":{"line":9,"column":21}},"2":{"start":{"line":10,"column":5},"end":{"line":10,"column":40}},"3":{"start":{"line":11,"column":0},"end":{"line":11,"column":32}}},"fnMap":{"0":{"name":"welcomeMessage","decl":{"start":{"line":5,"column":9},"end":{"line":5,"column":23}},"loc":{"start":{"line":5,"column":30},"end":{"line":7,"column":5}},"line":5}},"branchMap":{},"s":{"0":4,"1":1,"2":1,"3":1},"f":{"0":4},"b":{},"inputSourceMap":null,"_coverageSchema":"1a1c01bbd47fc00a2c39e90264f33305004495a9","hash":"ebcc8d057f04b496ce3854f0131746b31705f565"}
,"D:\\Projects\\Tavisca\\TS-Jest-Prj\\src\\code\\JS-QAA2\\animal-leg-counter.js": {"path":"D:\\Projects\\Tavisca\\TS-Jest-Prj\\src\\code\\JS-QAA2\\animal-leg-counter.js","statementMap":{"0":{"start":{"line":1,"column":19},"end":{"line":6,"column":5}},"1":{"start":{"line":8,"column":4},"end":{"line":8,"column":46}},"2":{"start":{"line":13,"column":12},"end":{"line":13,"column":13}},"3":{"start":{"line":14,"column":4},"end":{"line":22,"column":5}},"4":{"start":{"line":16,"column":8},"end":{"line":21,"column":9}},"5":{"start":{"line":17,"column":12},"end":{"line":17,"column":70}},"6":{"start":{"line":19,"column":8},"end":{"line":19,"column":74}},"7":{"start":{"line":20,"column":8},"end":{"line":20,"column":21}},"8":{"start":{"line":23,"column":5},"end":{"line":23,"column":16}},"9":{"start":{"line":26,"column":0},"end":{"line":26,"column":33}}},"fnMap":{"0":{"name":"totalAnimalLegs","decl":{"start":{"line":11,"column":12},"end":{"line":11,"column":27}},"loc":{"start":{"line":11,"column":39},"end":{"line":24,"column":5}},"line":11}},"branchMap":{"0":{"loc":{"start":{"line":16,"column":8},"end":{"line":21,"column":9}},"type":"if","locations":[{"start":{"line":16,"column":8},"end":{"line":21,"column":9}},{"start":{"line":16,"column":8},"end":{"line":21,"column":9}}],"line":16}},"s":{"0":1,"1":1,"2":5,"3":5,"4":11,"5":1,"6":10,"7":10,"8":4,"9":1},"f":{"0":5},"b":{"0":[1,10]},"inputSourceMap":null,"_coverageSchema":"1a1c01bbd47fc00a2c39e90264f33305004495a9","hash":"77165d630dd65a5aa4a5bf693b3e59236b071f08"}
,"D:\\Projects\\Tavisca\\TS-Jest-Prj\\src\\code\\JS-QAA2\\object-to-array-conversion.js": {"path":"D:\\Projects\\Tavisca\\TS-Jest-Prj\\src\\code\\JS-QAA2\\object-to-array-conversion.js","statementMap":{"0":{"start":{"line":14,"column":5},"end":{"line":20,"column":6}},"1":{"start":{"line":15,"column":24},"end":{"line":15,"column":47}},"2":{"start":{"line":16,"column":9},"end":{"line":16,"column":23}},"3":{"start":{"line":18,"column":22},"end":{"line":18,"column":45}},"4":{"start":{"line":19,"column":9},"end":{"line":19,"column":23}},"5":{"start":{"line":23,"column":1},"end":{"line":23,"column":41}}},"fnMap":{"0":{"name":"objectToArrayConersion","decl":{"start":{"line":13,"column":10},"end":{"line":13,"column":32}},"loc":{"start":{"line":13,"column":42},"end":{"line":21,"column":2}},"line":13}},"branchMap":{"0":{"loc":{"start":{"line":14,"column":5},"end":{"line":20,"column":6}},"type":"if","locations":[{"start":{"line":14,"column":5},"end":{"line":20,"column":6}},{"start":{"line":14,"column":5},"end":{"line":20,"column":6}}],"line":14}},"s":{"0":2,"1":1,"2":1,"3":1,"4":1,"5":1},"f":{"0":2},"b":{"0":[1,1]},"inputSourceMap":null,"_coverageSchema":"1a1c01bbd47fc00a2c39e90264f33305004495a9","hash":"77c1e682c925a15591959e988edd09339bfc2985"}
,"D:\\Projects\\Tavisca\\TS-Jest-Prj\\src\\code\\JS-QAA3\\get-n-element-of-array.js": {"path":"D:\\Projects\\Tavisca\\TS-Jest-Prj\\src\\code\\JS-QAA3\\get-n-element-of-array.js","statementMap":{"0":{"start":{"line":27,"column":4},"end":{"line":27,"column":35}},"1":{"start":{"line":32,"column":20},"end":{"line":32,"column":22}},"2":{"start":{"line":33,"column":10},"end":{"line":33,"column":11}},"3":{"start":{"line":34,"column":8},"end":{"line":37,"column":9}},"4":{"start":{"line":35,"column":12},"end":{"line":35,"column":37}},"5":{"start":{"line":36,"column":12},"end":{"line":36,"column":16}},"6":{"start":{"line":38,"column":8},"end":{"line":38,"column":25}},"7":{"start":{"line":43,"column":20},"end":{"line":43,"column":22}},"8":{"start":{"line":45,"column":4},"end":{"line":61,"column":1}},"9":{"start":{"line":46,"column":8},"end":{"line":46,"column":18}},"10":{"start":{"line":49,"column":4},"end":{"line":60,"column":5}},"11":{"start":{"line":50,"column":8},"end":{"line":50,"column":18}},"12":{"start":{"line":53,"column":23},"end":{"line":57,"column":15}},"13":{"start":{"line":54,"column":8},"end":{"line":57,"column":9}},"14":{"start":{"line":55,"column":12},"end":{"line":55,"column":41}},"15":{"start":{"line":56,"column":12},"end":{"line":56,"column":32}},"16":{"start":{"line":58,"column":4},"end":{"line":58,"column":18}},"17":{"start":{"line":59,"column":4},"end":{"line":59,"column":21}},"18":{"start":{"line":64,"column":0},"end":{"line":64,"column":43}},"19":{"start":{"line":65,"column":0},"end":{"line":65,"column":45}},"20":{"start":{"line":66,"column":0},"end":{"line":66,"column":44}}},"fnMap":{"0":{"name":"getFirstNElementsUsingSlice","decl":{"start":{"line":26,"column":9},"end":{"line":26,"column":36}},"loc":{"start":{"line":26,"column":51},"end":{"line":28,"column":1}},"line":26},"1":{"name":"getfirstElementTraditional","decl":{"start":{"line":31,"column":9},"end":{"line":31,"column":35}},"loc":{"start":{"line":31,"column":50},"end":{"line":39,"column":1}},"line":31},"2":{"name":"getfirstElementRecurssion","decl":{"start":{"line":42,"column":9},"end":{"line":42,"column":34}},"loc":{"start":{"line":42,"column":49},"end":{"line":62,"column":1}},"line":42},"3":{"name":"(anonymous_3)","decl":{"start":{"line":53,"column":23},"end":{"line":53,"column":24}},"loc":{"start":{"line":53,"column":32},"end":{"line":57,"column":15}},"line":53}},"branchMap":{"0":{"loc":{"start":{"line":26,"column":44},"end":{"line":26,"column":49}},"type":"default-arg","locations":[{"start":{"line":26,"column":48},"end":{"line":26,"column":49}}],"line":26},"1":{"loc":{"start":{"line":31,"column":43},"end":{"line":31,"column":48}},"type":"default-arg","locations":[{"start":{"line":31,"column":47},"end":{"line":31,"column":48}}],"line":31},"2":{"loc":{"start":{"line":42,"column":42},"end":{"line":42,"column":47}},"type":"default-arg","locations":[{"start":{"line":42,"column":46},"end":{"line":42,"column":47}}],"line":42},"3":{"loc":{"start":{"line":45,"column":4},"end":{"line":61,"column":1}},"type":"if","locations":[{"start":{"line":45,"column":4},"end":{"line":61,"column":1}},{"start":{"line":45,"column":4},"end":{"line":61,"column":1}}],"line":45},"4":{"loc":{"start":{"line":49,"column":4},"end":{"line":60,"column":5}},"type":"if","locations":[{"start":{"line":49,"column":4},"end":{"line":60,"column":5}},{"start":{"line":49,"column":4},"end":{"line":60,"column":5}}],"line":49},"5":{"loc":{"start":{"line":54,"column":8},"end":{"line":57,"column":9}},"type":"if","locations":[{"start":{"line":54,"column":8},"end":{"line":57,"column":9}},{"start":{"line":54,"column":8},"end":{"line":57,"column":9}}],"line":54}},"s":{"0":0,"1":12,"2":12,"3":12,"4":12,"5":12,"6":12,"7":0,"8":0,"9":0,"10":0,"11":0,"12":0,"13":0,"14":0,"15":0,"16":0,"17":0,"18":1,"19":1,"20":1},"f":{"0":0,"1":12,"2":0,"3":0},"b":{"0":[0],"1":[6],"2":[0],"3":[0,0],"4":[0,0],"5":[0,0]},"inputSourceMap":null,"_coverageSchema":"1a1c01bbd47fc00a2c39e90264f33305004495a9","hash":"d595f2a6b8a7428d6d83004b78492c18f1da0c52"}
,"D:\\Projects\\Tavisca\\TS-Jest-Prj\\src\\code\\JS-QAA3\\palindrome-string-check.js": {"path":"D:\\Projects\\Tavisca\\TS-Jest-Prj\\src\\code\\JS-QAA3\\palindrome-string-check.js","statementMap":{"0":{"start":{"line":13,"column":14},"end":{"line":13,"column":29}},"1":{"start":{"line":14,"column":4},"end":{"line":14,"column":46}},"2":{"start":{"line":15,"column":22},"end":{"line":15,"column":35}},"3":{"start":{"line":16,"column":11},"end":{"line":16,"column":29}},"4":{"start":{"line":17,"column":10},"end":{"line":17,"column":11}},"5":{"start":{"line":18,"column":4},"end":{"line":25,"column":5}},"6":{"start":{"line":19,"column":8},"end":{"line":23,"column":13}},"7":{"start":{"line":20,"column":12},"end":{"line":20,"column":32}},"8":{"start":{"line":22,"column":12},"end":{"line":22,"column":36}},"9":{"start":{"line":24,"column":8},"end":{"line":24,"column":12}},"10":{"start":{"line":32,"column":14},"end":{"line":32,"column":29}},"11":{"start":{"line":33,"column":26},"end":{"line":33,"column":61}},"12":{"start":{"line":35,"column":25},"end":{"line":35,"column":69}},"13":{"start":{"line":37,"column":4},"end":{"line":41,"column":5}},"14":{"start":{"line":38,"column":8},"end":{"line":38,"column":28}},"15":{"start":{"line":40,"column":8},"end":{"line":40,"column":32}},"16":{"start":{"line":45,"column":0},"end":{"line":45,"column":32}},"17":{"start":{"line":46,"column":0},"end":{"line":46,"column":38}}},"fnMap":{"0":{"name":"checkPalindrome","decl":{"start":{"line":11,"column":9},"end":{"line":11,"column":24}},"loc":{"start":{"line":11,"column":29},"end":{"line":26,"column":1}},"line":11},"1":{"name":"checkStringPalindrome","decl":{"start":{"line":30,"column":9},"end":{"line":30,"column":30}},"loc":{"start":{"line":30,"column":35},"end":{"line":42,"column":1}},"line":30}},"branchMap":{"0":{"loc":{"start":{"line":19,"column":8},"end":{"line":23,"column":13}},"type":"if","locations":[{"start":{"line":19,"column":8},"end":{"line":23,"column":13}},{"start":{"line":19,"column":8},"end":{"line":23,"column":13}}],"line":19},"1":{"loc":{"start":{"line":37,"column":4},"end":{"line":41,"column":5}},"type":"if","locations":[{"start":{"line":37,"column":4},"end":{"line":41,"column":5}},{"start":{"line":37,"column":4},"end":{"line":41,"column":5}}],"line":37}},"s":{"0":0,"1":0,"2":0,"3":0,"4":0,"5":0,"6":0,"7":0,"8":0,"9":0,"10":4,"11":4,"12":4,"13":4,"14":2,"15":2,"16":1,"17":1},"f":{"0":0,"1":4},"b":{"0":[0,0],"1":[2,2]},"inputSourceMap":null,"_coverageSchema":"1a1c01bbd47fc00a2c39e90264f33305004495a9","hash":"24ef48562db9d2afde813956d81bfe797d90e4b1"}
,"D:\\Projects\\Tavisca\\TS-Jest-Prj\\src\\code\\JS-QAA3\\reverse-a-number.js": {"path":"D:\\Projects\\Tavisca\\TS-Jest-Prj\\src\\code\\JS-QAA3\\reverse-a-number.js","statementMap":{"0":{"start":{"line":4,"column":0},"end":{"line":4,"column":33}},"1":{"start":{"line":9,"column":14},"end":{"line":9,"column":26}},"2":{"start":{"line":10,"column":24},"end":{"line":10,"column":56}},"3":{"start":{"line":11,"column":25},"end":{"line":11,"column":49}},"4":{"start":{"line":12,"column":4},"end":{"line":12,"column":26}},"5":{"start":{"line":17,"column":32},"end":{"line":17,"column":33}},"6":{"start":{"line":18,"column":0},"end":{"line":18,"column":12}},"7":{"start":{"line":19,"column":0},"end":{"line":23,"column":1}},"8":{"start":{"line":20,"column":4},"end":{"line":20,"column":18}},"9":{"start":{"line":21,"column":4},"end":{"line":21,"column":29}},"10":{"start":{"line":22,"column":4},"end":{"line":22,"column":43}},"11":{"start":{"line":24,"column":0},"end":{"line":24,"column":22}},"12":{"start":{"line":27,"column":0},"end":{"line":27,"column":64}}},"fnMap":{"0":{"name":"reversedNumber","decl":{"start":{"line":8,"column":9},"end":{"line":8,"column":23}},"loc":{"start":{"line":8,"column":27},"end":{"line":13,"column":1}},"line":8},"1":{"name":"reverseNumberTraditionalway","decl":{"start":{"line":16,"column":9},"end":{"line":16,"column":36}},"loc":{"start":{"line":16,"column":45},"end":{"line":25,"column":1}},"line":16}},"branchMap":{},"s":{"0":1,"1":5,"2":5,"3":5,"4":5,"5":4,"6":4,"7":4,"8":28,"9":28,"10":28,"11":4,"12":1},"f":{"0":5,"1":4},"b":{},"inputSourceMap":null,"_coverageSchema":"1a1c01bbd47fc00a2c39e90264f33305004495a9","hash":"efcdbe41aa9667e9c8a894ab048c1cf9af2d2ada"}
,"D:\\Projects\\Tavisca\\TS-Jest-Prj\\src\\code\\JS-QAA4\\factorial-of-number.js": {"path":"D:\\Projects\\Tavisca\\TS-Jest-Prj\\src\\code\\JS-QAA4\\factorial-of-number.js","statementMap":{"0":{"start":{"line":6,"column":0},"end":{"line":6,"column":35}},"1":{"start":{"line":7,"column":0},"end":{"line":7,"column":26}},"2":{"start":{"line":8,"column":0},"end":{"line":8,"column":27}},"3":{"start":{"line":12,"column":26},"end":{"line":12,"column":27}},"4":{"start":{"line":13,"column":4},"end":{"line":22,"column":5}},"5":{"start":{"line":14,"column":8},"end":{"line":14,"column":32}},"6":{"start":{"line":15,"column":11},"end":{"line":22,"column":5}},"7":{"start":{"line":16,"column":8},"end":{"line":16,"column":41}},"8":{"start":{"line":18,"column":8},"end":{"line":20,"column":9}},"9":{"start":{"line":18,"column":19},"end":{"line":18,"column":20}},"10":{"start":{"line":19,"column":12},"end":{"line":19,"column":51}},"11":{"start":{"line":21,"column":8},"end":{"line":21,"column":32}},"12":{"start":{"line":27,"column":4},"end":{"line":33,"column":14}},"13":{"start":{"line":28,"column":8},"end":{"line":28,"column":17}},"14":{"start":{"line":29,"column":11},"end":{"line":33,"column":14}},"15":{"start":{"line":30,"column":8},"end":{"line":30,"column":41}},"16":{"start":{"line":32,"column":8},"end":{"line":32,"column":34}},"17":{"start":{"line":38,"column":4},"end":{"line":52,"column":5}},"18":{"start":{"line":39,"column":8},"end":{"line":39,"column":38}},"19":{"start":{"line":41,"column":8},"end":{"line":51,"column":9}},"20":{"start":{"line":42,"column":12},"end":{"line":42,"column":26}},"21":{"start":{"line":44,"column":20},"end":{"line":44,"column":21}},"22":{"start":{"line":45,"column":33},"end":{"line":45,"column":34}},"23":{"start":{"line":46,"column":12},"end":{"line":49,"column":13}},"24":{"start":{"line":47,"column":16},"end":{"line":47,"column":56}},"25":{"start":{"line":48,"column":16},"end":{"line":48,"column":20}},"26":{"start":{"line":50,"column":12},"end":{"line":50,"column":42}},"27":{"start":{"line":55,"column":0},"end":{"line":55,"column":26}}},"fnMap":{"0":{"name":"iterativeFactorial","decl":{"start":{"line":11,"column":9},"end":{"line":11,"column":27}},"loc":{"start":{"line":11,"column":31},"end":{"line":23,"column":1}},"line":11},"1":{"name":"factorial","decl":{"start":{"line":26,"column":9},"end":{"line":26,"column":18}},"loc":{"start":{"line":26,"column":22},"end":{"line":34,"column":1}},"line":26},"2":{"name":"factorialWithWhileLoop","decl":{"start":{"line":37,"column":9},"end":{"line":37,"column":31}},"loc":{"start":{"line":37,"column":34},"end":{"line":53,"column":1}},"line":37}},"branchMap":{"0":{"loc":{"start":{"line":13,"column":4},"end":{"line":22,"column":5}},"type":"if","locations":[{"start":{"line":13,"column":4},"end":{"line":22,"column":5}},{"start":{"line":13,"column":4},"end":{"line":22,"column":5}}],"line":13},"1":{"loc":{"start":{"line":13,"column":8},"end":{"line":13,"column":25}},"type":"binary-expr","locations":[{"start":{"line":13,"column":8},"end":{"line":13,"column":14}},{"start":{"line":13,"column":18},"end":{"line":13,"column":25}}],"line":13},"2":{"loc":{"start":{"line":15,"column":11},"end":{"line":22,"column":5}},"type":"if","locations":[{"start":{"line":15,"column":11},"end":{"line":22,"column":5}},{"start":{"line":15,"column":11},"end":{"line":22,"column":5}}],"line":15},"3":{"loc":{"start":{"line":27,"column":4},"end":{"line":33,"column":14}},"type":"if","locations":[{"start":{"line":27,"column":4},"end":{"line":33,"column":14}},{"start":{"line":27,"column":4},"end":{"line":33,"column":14}}],"line":27},"4":{"loc":{"start":{"line":27,"column":8},"end":{"line":27,"column":27}},"type":"binary-expr","locations":[{"start":{"line":27,"column":8},"end":{"line":27,"column":15}},{"start":{"line":27,"column":20},"end":{"line":27,"column":27}}],"line":27},"5":{"loc":{"start":{"line":29,"column":11},"end":{"line":33,"column":14}},"type":"if","locations":[{"start":{"line":29,"column":11},"end":{"line":33,"column":14}},{"start":{"line":29,"column":11},"end":{"line":33,"column":14}}],"line":29},"6":{"loc":{"start":{"line":38,"column":4},"end":{"line":52,"column":5}},"type":"if","locations":[{"start":{"line":38,"column":4},"end":{"line":52,"column":5}},{"start":{"line":38,"column":4},"end":{"line":52,"column":5}}],"line":38},"7":{"loc":{"start":{"line":41,"column":8},"end":{"line":51,"column":9}},"type":"if","locations":[{"start":{"line":41,"column":8},"end":{"line":51,"column":9}},{"start":{"line":41,"column":8},"end":{"line":51,"column":9}}],"line":41}},"s":{"0":1,"1":1,"2":1,"3":1,"4":1,"5":0,"6":1,"7":0,"8":1,"9":1,"10":5,"11":1,"12":12,"13":3,"14":9,"15":1,"16":8,"17":1,"18":1,"19":0,"20":0,"21":0,"22":0,"23":0,"24":0,"25":0,"26":0,"27":1},"f":{"0":1,"1":12,"2":1},"b":{"0":[0,1],"1":[1,1],"2":[0,1],"3":[3,9],"4":[12,11],"5":[1,8],"6":[1,0],"7":[0,0]},"inputSourceMap":null,"_coverageSchema":"1a1c01bbd47fc00a2c39e90264f33305004495a9","hash":"b6fc8820e209badf333058b09dd5d5386d697c4b"}
,"D:\\Projects\\Tavisca\\TS-Jest-Prj\\src\\code\\JS-QAA4\\sum-of-array-elements.js": {"path":"D:\\Projects\\Tavisca\\TS-Jest-Prj\\src\\code\\JS-QAA4\\sum-of-array-elements.js","statementMap":{"0":{"start":{"line":10,"column":0},"end":{"line":16,"column":1}},"1":{"start":{"line":11,"column":4},"end":{"line":11,"column":44}},"2":{"start":{"line":13,"column":30},"end":{"line":14,"column":32}},"3":{"start":{"line":14,"column":3},"end":{"line":14,"column":28}},"4":{"start":{"line":15,"column":0},"end":{"line":15,"column":31}},"5":{"start":{"line":21,"column":24},"end":{"line":21,"column":25}},"6":{"start":{"line":22,"column":0},"end":{"line":24,"column":1}},"7":{"start":{"line":22,"column":11},"end":{"line":22,"column":12}},"8":{"start":{"line":23,"column":4},"end":{"line":23,"column":38}},"9":{"start":{"line":25,"column":4},"end":{"line":25,"column":30}},"10":{"start":{"line":28,"column":0},"end":{"line":28,"column":36}},"11":{"start":{"line":29,"column":0},"end":{"line":29,"column":37}}},"fnMap":{"0":{"name":"sumOfArrayElements","decl":{"start":{"line":9,"column":9},"end":{"line":9,"column":27}},"loc":{"start":{"line":9,"column":38},"end":{"line":17,"column":1}},"line":9},"1":{"name":"(anonymous_1)","decl":{"start":{"line":13,"column":46},"end":{"line":13,"column":47}},"loc":{"start":{"line":14,"column":1},"end":{"line":14,"column":29}},"line":14},"2":{"name":"sumOfArrayElements1","decl":{"start":{"line":20,"column":9},"end":{"line":20,"column":28}},"loc":{"start":{"line":20,"column":38},"end":{"line":26,"column":1}},"line":20}},"branchMap":{"0":{"loc":{"start":{"line":10,"column":0},"end":{"line":16,"column":1}},"type":"if","locations":[{"start":{"line":10,"column":0},"end":{"line":16,"column":1}},{"start":{"line":10,"column":0},"end":{"line":16,"column":1}}],"line":10}},"s":{"0":0,"1":0,"2":0,"3":0,"4":0,"5":8,"6":8,"7":8,"8":30,"9":8,"10":1,"11":1},"f":{"0":0,"1":0,"2":8},"b":{"0":[0,0]},"inputSourceMap":null,"_coverageSchema":"1a1c01bbd47fc00a2c39e90264f33305004495a9","hash":"0891ee88d7a66137b27f9e7d7a4fc9c8db5e7bc6"}
,"D:\\Projects\\Tavisca\\TS-Jest-Prj\\src\\code\\TS-QAA1\\factorialOfN.ts": {"path":"D:\\Projects\\Tavisca\\TS-Jest-Prj\\src\\code\\TS-QAA1\\factorialOfN.ts","statementMap":{"0":{"start":{"line":2,"column":13},"end":{"line":18,"column":null}},"1":{"start":{"line":3,"column":4},"end":{"line":17,"column":null}},"2":{"start":{"line":4,"column":8},"end":{"line":4,"column":47}},"3":{"start":{"line":6,"column":8},"end":{"line":16,"column":null}},"4":{"start":{"line":7,"column":12},"end":{"line":7,"column":21}},"5":{"start":{"line":9,"column":20},"end":{"line":9,"column":21}},"6":{"start":{"line":10,"column":43},"end":{"line":10,"column":44}},"7":{"start":{"line":11,"column":12},"end":{"line":14,"column":null}},"8":{"start":{"line":12,"column":16},"end":{"line":12,"column":56}},"9":{"start":{"line":13,"column":16},"end":{"line":13,"column":20}},"10":{"start":{"line":15,"column":12},"end":{"line":15,"column":36}}},"fnMap":{"0":{"name":"(anonymous_0)","decl":{"start":{"line":2,"column":35},"end":{"line":2,"column":36}},"loc":{"start":{"line":2,"column":45},"end":{"line":18,"column":1}}}},"branchMap":{"0":{"loc":{"start":{"line":3,"column":4},"end":{"line":17,"column":null}},"type":"if","locations":[{"start":{"line":3,"column":4},"end":{"line":17,"column":null}},{"start":{"line":3,"column":4},"end":{"line":17,"column":null}}]},"1":{"loc":{"start":{"line":6,"column":8},"end":{"line":16,"column":null}},"type":"if","locations":[{"start":{"line":6,"column":8},"end":{"line":16,"column":null}},{"start":{"line":6,"column":8},"end":{"line":16,"column":null}}]}},"s":{"0":1,"1":3,"2":1,"3":2,"4":1,"5":1,"6":1,"7":1,"8":5,"9":5,"10":1},"f":{"0":3},"b":{"0":[1,2],"1":[1,1]}}
,"D:\\Projects\\Tavisca\\TS-Jest-Prj\\src\\code\\TS-QAA1\\foo.ts": {"path":"D:\\Projects\\Tavisca\\TS-Jest-Prj\\src\\code\\TS-QAA1\\foo.ts","statementMap":{"0":{"start":{"line":1,"column":13},"end":{"line":3,"column":43}},"1":{"start":{"line":2,"column":7},"end":{"line":2,"column":21}},"2":{"start":{"line":3,"column":6},"end":{"line":3,"column":43}},"3":{"start":{"line":3,"column":29},"end":{"line":3,"column":40}}},"fnMap":{"0":{"name":"(anonymous_0)","decl":{"start":{"line":2,"column":6},"end":{"line":2,"column":7}},"loc":{"start":{"line":2,"column":6},"end":{"line":3,"column":7}}},"1":{"name":"(anonymous_1)","decl":{"start":{"line":3,"column":15},"end":{"line":3,"column":16}},"loc":{"start":{"line":3,"column":24},"end":{"line":3,"column":32}}}},"branchMap":{},"s":{"0":1,"1":6,"2":2,"3":2},"f":{"0":2,"1":2},"b":{}}
,"D:\\Projects\\Tavisca\\TS-Jest-Prj\\src\\code\\TS-QAA1\\sumOfArrayElements.ts": {"path":"D:\\Projects\\Tavisca\\TS-Jest-Prj\\src\\code\\TS-QAA1\\sumOfArrayElements.ts","statementMap":{"0":{"start":{"line":1,"column":26},"end":{"line":1,"column":41}},"1":{"start":{"line":7,"column":13},"end":{"line":14,"column":null}},"2":{"start":{"line":8,"column":4},"end":{"line":13,"column":null}},"3":{"start":{"line":9,"column":8},"end":{"line":9,"column":17}},"4":{"start":{"line":11,"column":42},"end":{"line":11,"column":114}},"5":{"start":{"line":11,"column":84},"end":{"line":11,"column":110}},"6":{"start":{"line":12,"column":4},"end":{"line":12,"column":35}}},"fnMap":{"0":{"name":"(anonymous_0)","decl":{"start":{"line":7,"column":52},"end":{"line":7,"column":53}},"loc":{"start":{"line":7,"column":71},"end":{"line":14,"column":1}}},"1":{"name":"(anonymous_1)","decl":{"start":{"line":11,"column":58},"end":{"line":11,"column":59}},"loc":{"start":{"line":11,"column":76},"end":{"line":11,"column":110}}}},"branchMap":{"0":{"loc":{"start":{"line":8,"column":4},"end":{"line":13,"column":null}},"type":"if","locations":[{"start":{"line":8,"column":4},"end":{"line":13,"column":null}},{"start":{"line":8,"column":4},"end":{"line":13,"column":null}}]}},"s":{"0":1,"1":1,"2":4,"3":1,"4":3,"5":15,"6":3},"f":{"0":4,"1":15},"b":{"0":[1,3]}}
}
