TN:
SF:src\code\JS-QAA1\array-smallest-element-02.js
FN:14,getSmallestElement
FNF:1
FNH:1
FNDA:5,getSmallestElement
DA:15,5
DA:16,5
DA:17,17
DA:18,17
DA:20,5
DA:23,1
LF:6
LH:6
BRDA:18,0,0,2
BRDA:18,0,1,15
BRF:2
BRH:2
end_of_record
TN:
SF:src\code\JS-QAA1\divisible-by-check-03.js
FN:11,divisibleByCheck
FNF:1
FNH:1
FNDA:3,divisibleByCheck
DA:7,1
DA:8,1
DA:12,3
DA:13,3
DA:14,10
DA:15,2
DA:17,8
DA:18,3
DA:20,5
DA:21,4
DA:24,1
DA:28,3
DA:31,1
LF:13
LH:13
BRDA:14,0,0,2
BRDA:14,0,1,8
BRDA:14,1,0,10
BRDA:14,1,1,6
BRDA:17,2,0,3
BRDA:17,2,1,5
BRDA:20,3,0,4
BRDA:20,3,1,1
BRF:8
BRH:8
end_of_record
TN:
SF:src\code\JS-QAA1\welcome-01.js
FN:5,welcomeMessage
FNF:1
FNH:1
FNDA:4,welcomeMessage
DA:6,4
DA:9,1
DA:10,1
DA:11,1
LF:4
LH:4
BRF:0
BRH:0
end_of_record
TN:
SF:src\code\JS-QAA2\animal-leg-counter.js
FN:11,totalAnimalLegs
FNF:1
FNH:1
FNDA:5,totalAnimalLegs
DA:1,1
DA:8,1
DA:13,5
DA:14,5
DA:16,11
DA:17,1
DA:19,10
DA:20,10
DA:23,4
DA:26,1
LF:10
LH:10
BRDA:16,0,0,1
BRDA:16,0,1,10
BRF:2
BRH:2
end_of_record
TN:
SF:src\code\JS-QAA2\object-to-array-conversion.js
FN:13,objectToArrayConersion
FNF:1
FNH:1
FNDA:2,objectToArrayConersion
DA:14,2
DA:15,1
DA:16,1
DA:18,1
DA:19,1
DA:23,1
LF:6
LH:6
BRDA:14,0,0,1
BRDA:14,0,1,1
BRF:2
BRH:2
end_of_record
TN:
SF:src\code\JS-QAA3\get-n-element-of-array.js
FN:26,getFirstNElementsUsingSlice
FN:31,getfirstElementTraditional
FN:42,getfirstElementRecurssion
FN:53,(anonymous_3)
FNF:4
FNH:1
FNDA:0,getFirstNElementsUsingSlice
FNDA:12,getfirstElementTraditional
FNDA:0,getfirstElementRecurssion
FNDA:0,(anonymous_3)
DA:27,0
DA:32,12
DA:33,12
DA:34,12
DA:35,12
DA:36,12
DA:38,12
DA:43,0
DA:45,0
DA:46,0
DA:49,0
DA:50,0
DA:53,0
DA:54,0
DA:55,0
DA:56,0
DA:58,0
DA:59,0
DA:64,1
DA:65,1
DA:66,1
LF:21
LH:9
BRDA:26,0,0,0
BRDA:31,1,0,6
BRDA:42,2,0,0
BRDA:45,3,0,0
BRDA:45,3,1,0
BRDA:49,4,0,0
BRDA:49,4,1,0
BRDA:54,5,0,0
BRDA:54,5,1,0
BRF:9
BRH:1
end_of_record
TN:
SF:src\code\JS-QAA3\palindrome-string-check.js
FN:11,checkPalindrome
FN:30,checkStringPalindrome
FNF:2
FNH:1
FNDA:0,checkPalindrome
FNDA:4,checkStringPalindrome
DA:13,0
DA:14,0
DA:15,0
DA:16,0
DA:17,0
DA:18,0
DA:19,0
DA:20,0
DA:22,0
DA:24,0
DA:32,4
DA:33,4
DA:35,4
DA:37,4
DA:38,2
DA:40,2
DA:45,1
DA:46,1
LF:18
LH:8
BRDA:19,0,0,0
BRDA:19,0,1,0
BRDA:37,1,0,2
BRDA:37,1,1,2
BRF:4
BRH:2
end_of_record
TN:
SF:src\code\JS-QAA3\reverse-a-number.js
FN:8,reversedNumber
FN:16,reverseNumberTraditionalway
FNF:2
FNH:2
FNDA:5,reversedNumber
FNDA:4,reverseNumberTraditionalway
DA:4,1
DA:9,5
DA:10,5
DA:11,5
DA:12,5
DA:17,4
DA:18,4
DA:19,4
DA:20,28
DA:21,28
DA:22,28
DA:24,4
DA:27,1
LF:13
LH:13
BRF:0
BRH:0
end_of_record
TN:
SF:src\code\JS-QAA4\factorial-of-number.js
FN:11,iterativeFactorial
FN:26,factorial
FN:37,factorialWithWhileLoop
FNF:3
FNH:3
FNDA:1,iterativeFactorial
FNDA:12,factorial
FNDA:1,factorialWithWhileLoop
DA:6,1
DA:7,1
DA:8,1
DA:12,1
DA:13,1
DA:14,0
DA:15,1
DA:16,0
DA:18,1
DA:19,5
DA:21,1
DA:27,12
DA:28,3
DA:29,9
DA:30,1
DA:32,8
DA:38,1
DA:39,1
DA:41,0
DA:42,0
DA:44,0
DA:45,0
DA:46,0
DA:47,0
DA:48,0
DA:50,0
DA:55,1
LF:27
LH:17
BRDA:13,0,0,0
BRDA:13,0,1,1
BRDA:13,1,0,1
BRDA:13,1,1,1
BRDA:15,2,0,0
BRDA:15,2,1,1
BRDA:27,3,0,3
BRDA:27,3,1,9
BRDA:27,4,0,12
BRDA:27,4,1,11
BRDA:29,5,0,1
BRDA:29,5,1,8
BRDA:38,6,0,1
BRDA:38,6,1,0
BRDA:41,7,0,0
BRDA:41,7,1,0
BRF:16
BRH:11
end_of_record
TN:
SF:src\code\JS-QAA4\sum-of-array-elements.js
FN:9,sumOfArrayElements
FN:13,(anonymous_1)
FN:20,sumOfArrayElements1
FNF:3
FNH:1
FNDA:0,sumOfArrayElements
FNDA:0,(anonymous_1)
FNDA:8,sumOfArrayElements1
DA:10,0
DA:11,0
DA:13,0
DA:14,0
DA:15,0
DA:21,8
DA:22,8
DA:23,30
DA:25,8
DA:28,1
DA:29,1
LF:11
LH:6
BRDA:10,0,0,0
BRDA:10,0,1,0
BRF:2
BRH:0
end_of_record
TN:
SF:src\code\TS-QAA1\factorialOfN.ts
FN:2,(anonymous_0)
FNF:1
FNH:1
FNDA:3,(anonymous_0)
DA:2,1
DA:3,3
DA:4,1
DA:6,2
DA:7,1
DA:9,1
DA:10,1
DA:11,1
DA:12,5
DA:13,5
DA:15,1
LF:11
LH:11
BRDA:3,0,0,1
BRDA:3,0,1,2
BRDA:6,1,0,1
BRDA:6,1,1,1
BRF:4
BRH:4
end_of_record
TN:
SF:src\code\TS-QAA1\foo.ts
FN:2,(anonymous_0)
FN:3,(anonymous_1)
FNF:2
FNH:2
FNDA:2,(anonymous_0)
FNDA:2,(anonymous_1)
DA:1,1
DA:2,6
DA:3,2
LF:3
LH:3
BRF:0
BRH:0
end_of_record
TN:
SF:src\code\TS-QAA1\sumOfArrayElements.ts
FN:7,(anonymous_0)
FN:11,(anonymous_1)
FNF:2
FNH:2
FNDA:4,(anonymous_0)
FNDA:15,(anonymous_1)
DA:1,1
DA:7,1
DA:8,4
DA:9,1
DA:11,15
DA:12,3
LF:6
LH:6
BRDA:8,0,0,1
BRDA:8,0,1,3
BRF:2
BRH:2
end_of_record
